Start auto log messages stack - Iteration 11.	[MsgId: MMSG-10545]
Action.c(61): web_add_auto_header("Sec-Fetch-User") was successful  	[MsgId: MMSG-26392]
Action.c(64): Think time - Waiting 5.00 seconds (according to limit).	[MsgId: MMSG-15946]
Action.c(64): lr_think_time: 5.00 seconds (recorded think time was 40.00 seconds).	[MsgId: MMSG-15947]
Action.c(66): web_submit_data("login.pl") started  	[MsgId: MMSG-26355]
Action.c(66): Detected non-resource "http://localhost:1080/cgi-bin/nav.pl?username=&password=" in "http://localhost:1080/cgi-bin/login.pl"  	[MsgId: MMSG-26574]
Action.c(66): Detected non-resource "http://localhost:1080/cgi-bin/error.pl?error=badPassword" in "http://localhost:1080/cgi-bin/login.pl"  	[MsgId: MMSG-26574]
Action.c(66): Resource "http://localhost:1080/WebTours/images/mer_login.gif" is in the cache already and will not be downloaded again  	[MsgId: MMSG-26655]
Action.c(66): Error -26366: "Text=you can search" not found for web_reg_find  	[MsgId: MERR-26366]
End auto log messages stack.	[MsgId: MMSG-10544]


Start auto log messages stack - Iteration 22.	[MsgId: MMSG-10545]
Action.c(61): web_add_auto_header("Sec-Fetch-User") was successful  	[MsgId: MMSG-26392]
Action.c(64): Think time - Waiting 5.00 seconds (according to limit).	[MsgId: MMSG-15946]
Action.c(64): lr_think_time: 5.00 seconds (recorded think time was 40.00 seconds).	[MsgId: MMSG-15947]
Action.c(66): web_submit_data("login.pl") started  	[MsgId: MMSG-26355]
Action.c(66): Detected non-resource "http://localhost:1080/cgi-bin/nav.pl?username=&password=" in "http://localhost:1080/cgi-bin/login.pl"  	[MsgId: MMSG-26574]
Action.c(66): Detected non-resource "http://localhost:1080/cgi-bin/error.pl?error=badPassword" in "http://localhost:1080/cgi-bin/login.pl"  	[MsgId: MMSG-26574]
Action.c(66): Resource "http://localhost:1080/WebTours/images/mer_login.gif" is in the cache already and will not be downloaded again  	[MsgId: MMSG-26655]
Action.c(66): Error -26366: "Text=you can search" not found for web_reg_find  	[MsgId: MERR-26366]
End auto log messages stack.	[MsgId: MMSG-10544]


