Error: (0, 12)	[MsgId: MERR-13874]
Error: Parameter 'passPar': Cannot replace the parameter with a value from table 'passPar.dat' [column=0, row=12].	[MsgId: MERR-13888]
Start auto log messages stack - Iteration 1.	[MsgId: MMSG-10545]
Action.c(61): web_add_auto_header("Sec-Fetch-User") was successful  	[MsgId: MMSG-26392]
Action.c(64): Think time - Waiting 5.00 seconds (according to limit).	[MsgId: MMSG-15946]
Action.c(64): lr_think_time: 5.00 seconds (recorded think time was 40.00 seconds).	[MsgId: MMSG-15947]
Action.c(66): web_submit_data("login.pl") started  	[MsgId: MMSG-26355]
Action.c(66): Detected non-resource "http://localhost:1080/cgi-bin/nav.pl?username=&password=bean" in "http://localhost:1080/cgi-bin/login.pl"  	[MsgId: MMSG-26574]
Action.c(66): Detected non-resource "http://localhost:1080/cgi-bin/error.pl?error=badPassword" in "http://localhost:1080/cgi-bin/login.pl"  	[MsgId: MMSG-26574]
Action.c(66): Resource "http://localhost:1080/WebTours/images/mer_login.gif" is in the cache already and will not be downloaded again  	[MsgId: MMSG-26655]
Action.c(66): Error -26366: "Text=you can search" not found for web_reg_find  	[MsgId: MERR-26366]
End auto log messages stack.	[MsgId: MMSG-10544]


Start auto log messages stack.	[MsgId: MMSG-10546]
Ending iteration 1.	[MsgId: MMSG-15965]
Waiting 54.7150 seconds for iteration pacing.	[MsgId: MMSG-15996]
Starting iteration 2.	[MsgId: MMSG-15968]
Error: (0, 12)	[MsgId: MERR-13874]
Error: Parameter 'passPar': Cannot replace the parameter with a value from table 'passPar.dat' [column=0, row=12].	[MsgId: MERR-13888]
Start auto log messages stack - Iteration 2.	[MsgId: MMSG-10545]
Action.c(61): web_add_auto_header("Sec-Fetch-User") was successful  	[MsgId: MMSG-26392]
Action.c(64): Think time - Waiting 5.00 seconds (according to limit).	[MsgId: MMSG-15946]
Action.c(64): lr_think_time: 5.00 seconds (recorded think time was 40.00 seconds).	[MsgId: MMSG-15947]
Action.c(66): web_submit_data("login.pl") started  	[MsgId: MMSG-26355]
Action.c(66): Detected non-resource "http://localhost:1080/cgi-bin/nav.pl?username=&password=bean" in "http://localhost:1080/cgi-bin/login.pl"  	[MsgId: MMSG-26574]
Action.c(66): Detected non-resource "http://localhost:1080/cgi-bin/error.pl?error=badPassword" in "http://localhost:1080/cgi-bin/login.pl"  	[MsgId: MMSG-26574]
Action.c(66): Resource "http://localhost:1080/WebTours/images/mer_login.gif" is in the cache already and will not be downloaded again  	[MsgId: MMSG-26655]
Action.c(66): Error -26366: "Text=you can search" not found for web_reg_find  	[MsgId: MERR-26366]
End auto log messages stack.	[MsgId: MMSG-10544]


Start auto log messages stack - Iteration 2.	[MsgId: MMSG-10545]
Action.c(149): Notify: Transaction "Get_ID" ended with a "Pass" status (Duration: 5.2529 Think Time: 5.0014 Wasted Time: 0.0001).	[MsgId: MMSG-16870]
Action.c(151): Notify: Transaction "Cancel_First" started.	[MsgId: MMSG-16999]
Action.c(152): web_reg_find started  	[MsgId: MMSG-26355]
Action.c(152): Registering web_reg_find was successful  	[MsgId: MMSG-26390]
Action.c(153): web_add_header("Origin") started  	[MsgId: MMSG-26355]
Action.c(153): web_add_header("Origin") was successful  	[MsgId: MMSG-26392]
Action.c(156): web_add_auto_header("Sec-Fetch-User") started  	[MsgId: MMSG-26355]
Action.c(156): web_add_auto_header("Sec-Fetch-User") was successful  	[MsgId: MMSG-26392]
Action.c(159): Think time - Waiting 5.00 seconds (according to limit).	[MsgId: MMSG-15946]
Action.c(159): lr_think_time: 5.00 seconds (recorded think time was 141.00 seconds).	[MsgId: MMSG-15947]
Action.c(161): web_submit_form("itinerary.pl") started  	[MsgId: MMSG-26355]
Action.c(161): Error -27979: Requested form not found  	[MsgId: MERR-27979]
End auto log messages stack.	[MsgId: MMSG-10544]


