Virtual User Script started at: 26/07/2020 05:00:08
Starting action vuser_init.
Web Turbo Replay of LoadRunner 12.55.0 for Windows 10; build 911 (Jul 24 2017 19:46:00)  	[MsgId: MMSG-26983]
Run mode: HTML  	[MsgId: MMSG-26993]
Replay user agent: Mozilla/5.0 (Windows NT 10.0; Win64; x64) AppleWebKit/537.36 (KHTML, like Gecko) Chrome/84.0.4147.89 Safari/537.36  	[MsgId: MMSG-26988]
Run-Time Settings file: "D:\GitHubLocal\LoadRunnerProject\Scripts\01_Book_flight_and_visit_itinerary\\default.cfg"  	[MsgId: MMSG-27141]
Ending action vuser_init.
Running Vuser...
Starting iteration 1.
Maximum number of concurrent connections per server: 6  	[MsgId: MMSG-26989]
Starting action Action.
Action.c(4): web_set_sockets_option started  	[MsgId: MMSG-26355]
Action.c(4): web_set_sockets_option was successful  	[MsgId: MMSG-26392]
Action.c(6): Notify: Transaction "01_Book_Flight_And_Visit_Itirary" started.
Action.c(8): Notify: Transaction "WebTours" started.
Action.c(10): web_add_auto_header("Sec-Fetch-Site") started  	[MsgId: MMSG-26355]
Action.c(10): web_add_auto_header("Sec-Fetch-Site") was successful  	[MsgId: MMSG-26392]
Action.c(13): web_add_auto_header("Sec-Fetch-Dest") started  	[MsgId: MMSG-26355]
Action.c(13): web_add_auto_header("Sec-Fetch-Dest") was successful  	[MsgId: MMSG-26392]
Action.c(16): web_add_auto_header("Sec-Fetch-Mode") started  	[MsgId: MMSG-26355]
Action.c(16): web_add_auto_header("Sec-Fetch-Mode") was successful  	[MsgId: MMSG-26392]
Action.c(19): web_add_auto_header("Upgrade-Insecure-Requests") started  	[MsgId: MMSG-26355]
Action.c(19): web_add_auto_header("Upgrade-Insecure-Requests") was successful  	[MsgId: MMSG-26392]
Action.c(22): web_reg_save_param started  	[MsgId: MMSG-26355]
Action.c(22): Registering web_reg_save_param was successful  	[MsgId: MMSG-26390]
Action.c(23): web_reg_find started  	[MsgId: MMSG-26355]
Action.c(23): Registering web_reg_find was successful  	[MsgId: MMSG-26390]
Action.c(25): web_url("WebTours") started  	[MsgId: MMSG-26355]
Action.c(25): Detected non-resource "http://localhost:1080/WebTours/header.html" in "http://localhost:1080/WebTours/"  	[MsgId: MMSG-26574]
Action.c(25): Detected non-resource "http://localhost:1080/cgi-bin/welcome.pl?signOff=true" in "http://localhost:1080/WebTours/"  	[MsgId: MMSG-26574]
Action.c(25): Found resource "http://localhost:1080/WebTours/images/hp_logo.png" in HTML "http://localhost:1080/WebTours/header.html"  	[MsgId: MMSG-26659]
Action.c(25): Found resource "http://localhost:1080/WebTours/images/webtours.png" in HTML "http://localhost:1080/WebTours/header.html"  	[MsgId: MMSG-26659]
Action.c(25): Detected non-resource "http://localhost:1080/cgi-bin/nav.pl?in=home" in "http://localhost:1080/cgi-bin/welcome.pl?signOff=true"  	[MsgId: MMSG-26574]
Action.c(25): Detected non-resource "http://localhost:1080/WebTours/home.html" in "http://localhost:1080/cgi-bin/welcome.pl?signOff=true"  	[MsgId: MMSG-26574]
Action.c(25): Found resource "http://localhost:1080/WebTours/images/mer_login.gif" in HTML "http://localhost:1080/cgi-bin/nav.pl?in=home"  	[MsgId: MMSG-26659]
Action.c(25): Registered web_reg_find successful for "Text=enter your account" (count=1)  	[MsgId: MMSG-26364]
Action.c(25): web_url("WebTours") was successful, 10076 body bytes, 2371 header bytes, 24 chunking overhead bytes  	[MsgId: MMSG-26385]
Action.c(38): Notify: Transaction "WebTours" ended with a "Pass" status (Duration: 0.4100 Wasted Time: 0.0871).
Action.c(46): Notify: Transaction "Login" started.
Action.c(48): web_add_auto_header("Sec-Fetch-Dest") started  	[MsgId: MMSG-26355]
Action.c(48): web_add_auto_header("Sec-Fetch-Dest") was successful  	[MsgId: MMSG-26392]
Action.c(51): web_remove_auto_header("Upgrade-Insecure-Requests") started  	[MsgId: MMSG-26355]
Action.c(51): Previous automatically added web header for "Upgrade-Insecure-Requests" removed  	[MsgId: MMSG-26587]
Action.c(51): web_remove/revert_auto_header("Upgrade-Insecure-Requests") was successful  	[MsgId: MMSG-26392]
Action.c(53): web_add_header("Origin") started  	[MsgId: MMSG-26355]
Action.c(53): web_add_header("Origin") was successful  	[MsgId: MMSG-26392]
Action.c(56): web_add_auto_header("Sec-Fetch-Site") started  	[MsgId: MMSG-26355]
Action.c(56): web_add_auto_header("Sec-Fetch-Site") was successful  	[MsgId: MMSG-26392]
Action.c(59): web_add_auto_header("Sec-Fetch-User") started  	[MsgId: MMSG-26355]
Action.c(59): web_add_auto_header("Sec-Fetch-User") was successful  	[MsgId: MMSG-26392]
Action.c(62): Think time - Waiting 5.00 seconds (according to limit).
Action.c(62): lr_think_time: 5.00 seconds (recorded think time was 21.00 seconds).
Action.c(64): web_reg_find started  	[MsgId: MMSG-26355]
Action.c(64): Registering web_reg_find was successful  	[MsgId: MMSG-26390]
Action.c(66): web_submit_data("login.pl") started  	[MsgId: MMSG-26355]
Action.c(66): Detected non-resource "http://localhost:1080/cgi-bin/nav.pl?page=menu&in=home" in "http://localhost:1080/cgi-bin/login.pl"  	[MsgId: MMSG-26574]
Action.c(66): Detected non-resource "http://localhost:1080/cgi-bin/login.pl?intro=true" in "http://localhost:1080/cgi-bin/login.pl"  	[MsgId: MMSG-26574]
Action.c(66): Found resource "http://localhost:1080/WebTours/images/flights.gif" in HTML "http://localhost:1080/cgi-bin/nav.pl?page=menu&in=home"  	[MsgId: MMSG-26659]
Action.c(66): Found resource "http://localhost:1080/WebTours/images/itinerary.gif" in HTML "http://localhost:1080/cgi-bin/nav.pl?page=menu&in=home"  	[MsgId: MMSG-26659]
Action.c(66): Found resource "http://localhost:1080/WebTours/images/in_home.gif" in HTML "http://localhost:1080/cgi-bin/nav.pl?page=menu&in=home"  	[MsgId: MMSG-26659]
Action.c(66): Found resource "http://localhost:1080/WebTours/images/signoff.gif" in HTML "http://localhost:1080/cgi-bin/nav.pl?page=menu&in=home"  	[MsgId: MMSG-26659]
Action.c(66): Registered web_reg_find successful for "Text=you can search" (count=1)  	[MsgId: MMSG-26364]
Action.c(66): web_submit_data("login.pl") was successful, 5780 body bytes, 2050 header bytes, 36 chunking overhead bytes  	[MsgId: MMSG-26385]
Action.c(86): Notify: Transaction "Login" ended with a "Pass" status (Duration: 5.2724 Think Time: 5.0000 Wasted Time: 0.0071).
Action.c(94): Notify: Transaction "Select_Flights" started.
Action.c(96): web_remove_auto_header("Sec-Fetch-User") started  	[MsgId: MMSG-26355]
Action.c(96): Previous automatically added web header for "Sec-Fetch-User" removed  	[MsgId: MMSG-26587]
Action.c(96): web_remove/revert_auto_header("Sec-Fetch-User") was successful  	[MsgId: MMSG-26392]
Action.c(98): web_add_auto_header("Upgrade-Insecure-Requests") started  	[MsgId: MMSG-26355]
Action.c(98): web_add_auto_header("Upgrade-Insecure-Requests") was successful  	[MsgId: MMSG-26392]
Action.c(101): Think time - Waiting 5.00 seconds (according to limit).
Action.c(101): lr_think_time: 5.00 seconds (recorded think time was 40.00 seconds).
Action.c(103): web_reg_find started  	[MsgId: MMSG-26355]
Action.c(103): Registering web_reg_find was successful  	[MsgId: MMSG-26390]
Action.c(105): web_url("Search Flights Button") started  	[MsgId: MMSG-26355]
Action.c(105): Detected non-resource "http://localhost:1080/cgi-bin/nav.pl?page=menu&in=flights" in "http://localhost:1080/cgi-bin/welcome.pl?page=search"  	[MsgId: MMSG-26574]
Action.c(105): Detected non-resource "http://localhost:1080/cgi-bin/reservations.pl?page=welcome" in "http://localhost:1080/cgi-bin/welcome.pl?page=search"  	[MsgId: MMSG-26574]
Action.c(105): Found resource "http://localhost:1080/WebTours/images/in_flights.gif" in HTML "http://localhost:1080/cgi-bin/nav.pl?page=menu&in=flights"  	[MsgId: MMSG-26659]
Action.c(105): Resource "http://localhost:1080/WebTours/images/itinerary.gif" is in the cache already and will not be downloaded again  	[MsgId: MMSG-26655]
Action.c(105): Found resource "http://localhost:1080/WebTours/images/home.gif" in HTML "http://localhost:1080/cgi-bin/nav.pl?page=menu&in=flights"  	[MsgId: MMSG-26659]
Action.c(105): Resource "http://localhost:1080/WebTours/images/signoff.gif" is in the cache already and will not be downloaded again  	[MsgId: MMSG-26655]
Action.c(105): Found resource "http://localhost:1080/WebTours/images/button_next.gif" in HTML "http://localhost:1080/cgi-bin/reservations.pl?page=welcome"  	[MsgId: MMSG-26659]
Action.c(105): Registered web_reg_find successful for "Text=Departure City" (count=1)  	[MsgId: MMSG-26364]
Action.c(105): web_url("Search Flights Button") was successful, 8516 body bytes, 1620 header bytes, 37 chunking overhead bytes  	[MsgId: MMSG-26385]
Action.c(118): Notify: Transaction "Select_Flights" ended with a "Pass" status (Duration: 5.3171 Think Time: 5.0004 Wasted Time: 0.0058).
Action.c(126): Notify: Transaction "Flight_Search" started.
Action.c(128): web_add_auto_header("Origin") started  	[MsgId: MMSG-26355]
Action.c(128): web_add_auto_header("Origin") was successful  	[MsgId: MMSG-26392]
Action.c(131): web_add_auto_header("Sec-Fetch-User") started  	[MsgId: MMSG-26355]
Action.c(131): web_add_auto_header("Sec-Fetch-User") was successful  	[MsgId: MMSG-26392]
Action.c(134): Think time - Waiting 5.00 seconds (according to limit).
Action.c(134): lr_think_time: 5.00 seconds (recorded think time was 34.00 seconds).
Action.c(136): web_reg_find started  	[MsgId: MMSG-26355]
Action.c(136): Registering web_reg_find was successful  	[MsgId: MMSG-26390]
Action.c(138): web_submit_data("reservations.pl") started  	[MsgId: MMSG-26355]
Action.c(138): Resource "http://localhost:1080/WebTours/images/button_next.gif" is in the cache already and will not be downloaded again  	[MsgId: MMSG-26655]
Action.c(138): Registered web_reg_find successful for "Text=departing from" (count=1)  	[MsgId: MMSG-26364]
Action.c(138): web_submit_data("reservations.pl") was successful, 2455 body bytes, 256 header bytes, 12 chunking overhead bytes  	[MsgId: MMSG-26385]
Action.c(165): Notify: Transaction "Flight_Search" ended with a "Pass" status (Duration: 5.2067 Think Time: 5.0011 Wasted Time: 0.0041).
Action.c(173): Think time - Waiting 5.00 seconds (according to limit).
Action.c(173): lr_think_time: 5.00 seconds (recorded think time was 45.00 seconds).
Action.c(175): Notify: Transaction "Flight_Selection" started.
Action.c(177): web_reg_find started  	[MsgId: MMSG-26355]
Action.c(177): Registering web_reg_find was successful  	[MsgId: MMSG-26390]
Action.c(179): web_submit_data("reservations.pl_2") started  	[MsgId: MMSG-26355]
Action.c(179): Resource "http://localhost:1080/WebTours/images/button_next.gif" is in the cache already and will not be downloaded again  	[MsgId: MMSG-26655]
Action.c(179): Registered web_reg_find successful for "Text=Street Address" (count=1)  	[MsgId: MMSG-26364]
Action.c(179): web_submit_data("reservations.pl_2") was successful, 2735 body bytes, 256 header bytes, 12 chunking overhead bytes  	[MsgId: MMSG-26385]
Action.c(200): Notify: Transaction "Flight_Selection" ended with a "Pass" status (Duration: 0.1975 Wasted Time: 0.0042).
Action.c(210): Notify: Transaction "Payment_Data" started.
Action.c(212): web_remove_auto_header("Origin") started  	[MsgId: MMSG-26355]
Action.c(212): Previous automatically added web header for "Origin" removed  	[MsgId: MMSG-26587]
Action.c(212): web_remove/revert_auto_header("Origin") was successful  	[MsgId: MMSG-26392]
Action.c(214): web_remove_auto_header("Sec-Fetch-User") started  	[MsgId: MMSG-26355]
Action.c(214): Previous automatically added web header for "Sec-Fetch-User" removed  	[MsgId: MMSG-26587]
Action.c(214): web_remove/revert_auto_header("Sec-Fetch-User") was successful  	[MsgId: MMSG-26392]
Action.c(216): web_remove_auto_header("Upgrade-Insecure-Requests") started  	[MsgId: MMSG-26355]
Action.c(216): Previous automatically added web header for "Upgrade-Insecure-Requests" removed  	[MsgId: MMSG-26587]
Action.c(216): web_remove/revert_auto_header("Upgrade-Insecure-Requests") was successful  	[MsgId: MMSG-26392]
Action.c(218): web_add_header("Origin") started  	[MsgId: MMSG-26355]
Action.c(218): web_add_header("Origin") was successful  	[MsgId: MMSG-26392]
Action.c(221): web_add_auto_header("Sec-Fetch-User") started  	[MsgId: MMSG-26355]
Action.c(221): web_add_auto_header("Sec-Fetch-User") was successful  	[MsgId: MMSG-26392]
Action.c(224): Think time - Waiting 5.00 seconds (according to limit).
Action.c(224): lr_think_time: 5.00 seconds (recorded think time was 46.00 seconds).
Action.c(226): web_reg_find started  	[MsgId: MMSG-26355]
Action.c(226): Registering web_reg_find was successful  	[MsgId: MMSG-26390]
Action.c(228): web_submit_data("reservations.pl_3") started  	[MsgId: MMSG-26355]
Action.c(228): Found resource "http://localhost:1080/WebTours/images/bookanother.gif" in HTML "http://localhost:1080/cgi-bin/reservations.pl"  	[MsgId: MMSG-26659]
Action.c(228): Registered web_reg_find successful for "Text=Thank you for booking" (count=1)  	[MsgId: MMSG-26364]
Action.c(228): web_submit_data("reservations.pl_3") was successful, 3301 body bytes, 675 header bytes, 12 chunking overhead bytes  	[MsgId: MMSG-26385]
Action.c(260): Notify: Transaction "Payment_Data" ended with a "Pass" status (Duration: 5.2386 Think Time: 5.0005 Wasted Time: 0.0047).
Action.c(269): Notify: Transaction "Select_Itinerary" started.
Action.c(271): web_add_auto_header("Upgrade-Insecure-Requests") started  	[MsgId: MMSG-26355]
Action.c(271): web_add_auto_header("Upgrade-Insecure-Requests") was successful  	[MsgId: MMSG-26392]
Action.c(274): Think time - Waiting 5.00 seconds (according to limit).
Action.c(274): lr_think_time: 5.00 seconds (recorded think time was 30.00 seconds).
Action.c(276): web_reg_find started  	[MsgId: MMSG-26355]
Action.c(276): Registering web_reg_find was successful  	[MsgId: MMSG-26390]
Action.c(278): web_url("Itinerary Button") started  	[MsgId: MMSG-26355]
Action.c(278): Detected non-resource "http://localhost:1080/cgi-bin/nav.pl?page=menu&in=itinerary" in "http://localhost:1080/cgi-bin/welcome.pl?page=itinerary"  	[MsgId: MMSG-26574]
Action.c(278): Detected non-resource "http://localhost:1080/cgi-bin/itinerary.pl" in "http://localhost:1080/cgi-bin/welcome.pl?page=itinerary"  	[MsgId: MMSG-26574]
Action.c(278): Resource "http://localhost:1080/WebTours/images/flights.gif" is in the cache already and will not be downloaded again  	[MsgId: MMSG-26655]
Action.c(278): Found resource "http://localhost:1080/WebTours/images/in_itinerary.gif" in HTML "http://localhost:1080/cgi-bin/nav.pl?page=menu&in=itinerary"  	[MsgId: MMSG-26659]
Action.c(278): Resource "http://localhost:1080/WebTours/images/home.gif" is in the cache already and will not be downloaded again  	[MsgId: MMSG-26655]
Action.c(278): Resource "http://localhost:1080/WebTours/images/signoff.gif" is in the cache already and will not be downloaded again  	[MsgId: MMSG-26655]
Action.c(278): Found resource "http://localhost:1080/WebTours/images/cancelreservation.gif" in HTML "http://localhost:1080/cgi-bin/itinerary.pl"  	[MsgId: MMSG-26659]
Action.c(278): Found resource "http://localhost:1080/WebTours/images/cancelallreservations.gif" in HTML "http://localhost:1080/cgi-bin/itinerary.pl"  	[MsgId: MMSG-26659]
Action.c(278): Registered web_reg_find successful for "Text=Itinerary" (count=3)  	[MsgId: MMSG-26364]
Action.c(278): web_url("Itinerary Button") was successful, 7010 body bytes, 1619 header bytes, 36 chunking overhead bytes  	[MsgId: MMSG-26385]
Action.c(288): web_remove_auto_header("Sec-Fetch-User") started  	[MsgId: MMSG-26355]
Action.c(288): Previous automatically added web header for "Sec-Fetch-User" removed  	[MsgId: MMSG-26587]
Action.c(288): web_remove/revert_auto_header("Sec-Fetch-User") was successful  	[MsgId: MMSG-26392]
Action.c(290): web_remove_auto_header("Upgrade-Insecure-Requests") started  	[MsgId: MMSG-26355]
Action.c(290): Previous automatically added web header for "Upgrade-Insecure-Requests" removed  	[MsgId: MMSG-26587]
Action.c(290): web_remove/revert_auto_header("Upgrade-Insecure-Requests") was successful  	[MsgId: MMSG-26392]
Action.c(292): web_add_auto_header("Sec-Fetch-User") started  	[MsgId: MMSG-26355]
Action.c(292): web_add_auto_header("Sec-Fetch-User") was successful  	[MsgId: MMSG-26392]
Action.c(295): Think time - Waiting 5.00 seconds (according to limit).
Action.c(295): lr_think_time: 5.00 seconds (recorded think time was 126.00 seconds).
Action.c(297): web_url("welcome.pl") started  	[MsgId: MMSG-26355]
Action.c(297): Detected non-resource "http://localhost:1080/cgi-bin/nav.pl?page=menu&in=itinerary" in "http://localhost:1080/cgi-bin/welcome.pl?page=itinerary"  	[MsgId: MMSG-26574]
Action.c(297): Detected non-resource "http://localhost:1080/cgi-bin/itinerary.pl" in "http://localhost:1080/cgi-bin/welcome.pl?page=itinerary"  	[MsgId: MMSG-26574]
Action.c(297): Resource "http://localhost:1080/WebTours/images/flights.gif" is in the cache already and will not be downloaded again  	[MsgId: MMSG-26655]
Action.c(297): Resource "http://localhost:1080/WebTours/images/in_itinerary.gif" is in the cache already and will not be downloaded again  	[MsgId: MMSG-26655]
Action.c(297): Resource "http://localhost:1080/WebTours/images/home.gif" is in the cache already and will not be downloaded again  	[MsgId: MMSG-26655]
Action.c(297): Resource "http://localhost:1080/WebTours/images/signoff.gif" is in the cache already and will not be downloaded again  	[MsgId: MMSG-26655]
Action.c(297): Resource "http://localhost:1080/WebTours/images/cancelreservation.gif" is in the cache already and will not be downloaded again  	[MsgId: MMSG-26655]
Action.c(297): Resource "http://localhost:1080/WebTours/images/cancelallreservations.gif" is in the cache already and will not be downloaded again  	[MsgId: MMSG-26655]
Action.c(297): web_url("welcome.pl") was successful, 4704 body bytes, 728 header bytes, 36 chunking overhead bytes  	[MsgId: MMSG-26385]
Action.c(310): Notify: Transaction "Select_Itinerary" ended with a "Pass" status (Duration: 10.4730 Think Time: 9.9997 Wasted Time: 0.0107).
Action.c(319): Notify: Transaction "Sign_Off" started.
Action.c(321): web_remove_auto_header("Sec-Fetch-User") started  	[MsgId: MMSG-26355]
Action.c(321): Previous automatically added web header for "Sec-Fetch-User" removed  	[MsgId: MMSG-26587]
Action.c(321): web_remove/revert_auto_header("Sec-Fetch-User") was successful  	[MsgId: MMSG-26392]
Action.c(323): web_add_header("Upgrade-Insecure-Requests") started  	[MsgId: MMSG-26355]
Action.c(323): web_add_header("Upgrade-Insecure-Requests") was successful  	[MsgId: MMSG-26392]
Action.c(326): Think time - Waiting 5.00 seconds (according to limit).
Action.c(326): lr_think_time: 5.00 seconds (recorded think time was 33.00 seconds).
Action.c(328): web_reg_find started  	[MsgId: MMSG-26355]
Action.c(328): Registering web_reg_find was successful  	[MsgId: MMSG-26390]
Action.c(330): web_url("SignOff Button") started  	[MsgId: MMSG-26355]
Action.c(330): Detected non-resource "http://localhost:1080/cgi-bin/nav.pl?in=home" in "http://localhost:1080/cgi-bin/welcome.pl?signOff=1"  	[MsgId: MMSG-26574]
Action.c(330): Detected non-resource "http://localhost:1080/WebTours/home.html" in "http://localhost:1080/cgi-bin/welcome.pl?signOff=1"  	[MsgId: MMSG-26574]
Action.c(330): Retrieving data from cache for "http://localhost:1080/WebTours/home.html"  	[MsgId: MMSG-26558]
Action.c(330): Resource "http://localhost:1080/WebTours/images/mer_login.gif" is in the cache already and will not be downloaded again  	[MsgId: MMSG-26655]
Action.c(330): Registered web_reg_find successful for "Text=enter your account" (count=1)  	[MsgId: MMSG-26364]
Action.c(330): web_url("SignOff Button") was successful, 2174 body bytes, 584 header bytes, 24 chunking overhead bytes  	[MsgId: MMSG-26385]
Action.c(343): Notify: Transaction "Sign_Off" ended with a "Pass" status (Duration: 5.2949 Think Time: 4.9998 Wasted Time: 0.0045).
Action.c(352): Notify: Transaction "01_Book_Flight_And_Visit_Itirary" ended with a "Pass" status (Duration: 43.9677 Think Time: 40.0011 Wasted Time: 0.1281).
Ending action Action.
Ending iteration 1.
Ending Vuser...
Starting action vuser_end.
Ending action vuser_end.
Vuser Terminated.
