Start auto log messages stack - Iteration 1.	[MsgId: MMSG-10545]
Action.c(149): Notify: Transaction "Get_ID" ended with a "Pass" status (Duration: 5.0926 Think Time: 5.0004 Wasted Time: 0.0000).	[MsgId: MMSG-16870]
Action.c(150): Notify: Transaction "Cancel_First" started.	[MsgId: MMSG-16999]
Action.c(151): web_reg_find started  	[MsgId: MMSG-26355]
Action.c(151): Registering web_reg_find was successful  	[MsgId: MMSG-26390]
Action.c(152): web_add_header("Origin") started  	[MsgId: MMSG-26355]
Action.c(152): web_add_header("Origin") was successful  	[MsgId: MMSG-26392]
Action.c(155): web_add_auto_header("Sec-Fetch-User") started  	[MsgId: MMSG-26355]
Action.c(155): web_add_auto_header("Sec-Fetch-User") was successful  	[MsgId: MMSG-26392]
Action.c(158): Think time - Waiting 5.00 seconds (according to limit).	[MsgId: MMSG-15946]
Action.c(158): lr_think_time: 5.00 seconds (recorded think time was 12.00 seconds).	[MsgId: MMSG-15947]
Action.c(160): web_submit_form("itinerary.pl") started  	[MsgId: MMSG-26355]
Action.c(160): Error -27979: Requested form not found  	[MsgId: MERR-27979]
End auto log messages stack.	[MsgId: MMSG-10544]


Start auto log messages stack - Iteration 1.	[MsgId: MMSG-10545]
Action.c(149): Notify: Transaction "Get_ID" ended with a "Pass" status (Duration: 5.1089 Think Time: 5.0012 Wasted Time: 0.0001).	[MsgId: MMSG-16870]
Action.c(150): Notify: Transaction "Cancel_First" started.	[MsgId: MMSG-16999]
Action.c(151): web_reg_find started  	[MsgId: MMSG-26355]
Action.c(151): Registering web_reg_find was successful  	[MsgId: MMSG-26390]
Action.c(152): web_add_header("Origin") started  	[MsgId: MMSG-26355]
Action.c(152): web_add_header("Origin") was successful  	[MsgId: MMSG-26392]
Action.c(155): web_add_auto_header("Sec-Fetch-User") started  	[MsgId: MMSG-26355]
Action.c(155): web_add_auto_header("Sec-Fetch-User") was successful  	[MsgId: MMSG-26392]
Action.c(158): Think time - Waiting 5.00 seconds (according to limit).	[MsgId: MMSG-15946]
Action.c(158): lr_think_time: 5.00 seconds (recorded think time was 12.00 seconds).	[MsgId: MMSG-15947]
Action.c(160): web_submit_form("itinerary.pl") started  	[MsgId: MMSG-26355]
Action.c(160): Error -27979: Requested form not found  	[MsgId: MERR-27979]
End auto log messages stack.	[MsgId: MMSG-10544]


Start auto log messages stack - Iteration 1.	[MsgId: MMSG-10545]
Action.c(149): Notify: Transaction "Get_ID" ended with a "Pass" status (Duration: 5.1344 Think Time: 5.0016 Wasted Time: 0.0001).	[MsgId: MMSG-16870]
Action.c(150): Notify: Transaction "Cancel_First" started.	[MsgId: MMSG-16999]
Action.c(151): web_reg_find started  	[MsgId: MMSG-26355]
Action.c(151): Registering web_reg_find was successful  	[MsgId: MMSG-26390]
Action.c(152): web_add_header("Origin") started  	[MsgId: MMSG-26355]
Action.c(152): web_add_header("Origin") was successful  	[MsgId: MMSG-26392]
Action.c(155): web_add_auto_header("Sec-Fetch-User") started  	[MsgId: MMSG-26355]
Action.c(155): web_add_auto_header("Sec-Fetch-User") was successful  	[MsgId: MMSG-26392]
Action.c(158): Think time - Waiting 5.00 seconds (according to limit).	[MsgId: MMSG-15946]
Action.c(158): lr_think_time: 5.00 seconds (recorded think time was 12.00 seconds).	[MsgId: MMSG-15947]
Action.c(160): web_submit_form("itinerary.pl") started  	[MsgId: MMSG-26355]
Action.c(160): Error -27979: Requested form not found  	[MsgId: MERR-27979]
End auto log messages stack.	[MsgId: MMSG-10544]


